# JRE version: Java(TM) SE Runtime Environment (7.0_80-b15) (build 1.7.0_80-b15)
# Java VM: Java HotSpot(TM) 64-Bit Server VM (24.80-b11 mixed mode linux-amd64 compressed oops)
Heap
 PSYoungGen      total 53248K, used 22536K [0x00000000f9c00000, 0x00000000fd800000, 0x0000000100000000)
  eden space 46080K, 41% used [0x00000000f9c00000,0x00000000faed2200,0x00000000fc900000)
  from space 7168K, 45% used [0x00000000fd100000,0x00000000fd430000,0x00000000fd800000)
  to   space 7680K, 0% used [0x00000000fc900000,0x00000000fc900000,0x00000000fd080000)
 ParOldGen       total 170496K, used 72144K [0x00000000ed400000, 0x00000000f7a80000, 0x00000000f9c00000)
  object space 170496K, 42% used [0x00000000ed400000,0x00000000f1a743a0,0x00000000f7a80000)
 PSPermGen       total 33280K, used 32543K [0x00000000e8200000, 0x00000000ea280000, 0x00000000ed400000)
  object space 33280K, 97% used [0x00000000e8200000,0x00000000ea1c7cf8,0x00000000ea280000)
GC Heap History (10 events):
Event: 139243,089 GC heap before
{Heap before GC invocations=61 (full 21):
 PSYoungGen      total 50176K, used 49728K [0x00000000f9c00000, 0x00000000fdd80000, 0x0000000100000000)
  eden space 49664K, 100% used [0x00000000f9c00000,0x00000000fcc80000,0x00000000fcc80000)
  from space 512K, 12% used [0x00000000fcd80000,0x00000000fcd90000,0x00000000fce00000)
  to   space 8704K, 0% used [0x00000000fd500000,0x00000000fd500000,0x00000000fdd80000)
 ParOldGen       total 170496K, used 69728K [0x00000000ed400000, 0x00000000f7a80000, 0x00000000f9c00000)
  object space 170496K, 40% used [0x00000000ed400000,0x00000000f1818390,0x00000000f7a80000)
 PSPermGen       total 33280K, used 32380K [0x00000000e8200000, 0x00000000ea280000, 0x00000000ed400000)
  object space 33280K, 97% used [0x00000000e8200000,0x00000000ea19f0b0,0x00000000ea280000)
Event: 139243,090 GC heap after
Heap after GC invocations=61 (full 21):
 PSYoungGen      total 55296K, used 32K [0x00000000f9c00000, 0x00000000fdb80000, 0x0000000100000000)
  eden space 48640K, 0% used [0x00000000f9c00000,0x00000000f9c00000,0x00000000fcb80000)
  from space 6656K, 0% used [0x00000000fd500000,0x00000000fd508000,0x00000000fdb80000)
  to   space 8192K, 0% used [0x00000000fcb80000,0x00000000fcb80000,0x00000000fd380000)
 ParOldGen       total 170496K, used 69728K [0x00000000ed400000, 0x00000000f7a80000, 0x00000000f9c00000)
  object space 170496K, 40% used [0x00000000ed400000,0x00000000f1818390,0x00000000f7a80000)
 PSPermGen       total 33280K, used 32380K [0x00000000e8200000, 0x00000000ea280000, 0x00000000ed400000)
  object space 33280K, 97% used [0x00000000e8200000,0x00000000ea19f0b0,0x00000000ea280000)
}
Event: 159319,453 GC heap before
{Heap before GC invocations=62 (full 21):
 PSYoungGen      total 55296K, used 48672K [0x00000000f9c00000, 0x00000000fdb80000, 0x0000000100000000)
  eden space 48640K, 100% used [0x00000000f9c00000,0x00000000fcb80000,0x00000000fcb80000)
  from space 6656K, 0% used [0x00000000fd500000,0x00000000fd508000,0x00000000fdb80000)
  to   space 8192K, 0% used [0x00000000fcb80000,0x00000000fcb80000,0x00000000fd380000)
 ParOldGen       total 170496K, used 69728K [0x00000000ed400000, 0x00000000f7a80000, 0x00000000f9c00000)
  object space 170496K, 40% used [0x00000000ed400000,0x00000000f1818390,0x00000000f7a80000)
 PSPermGen       total 33280K, used 32380K [0x00000000e8200000, 0x00000000ea280000, 0x00000000ed400000)
  object space 33280K, 97% used [0x00000000e8200000,0x00000000ea19f0b0,0x00000000ea280000)
Event: 159319,455 GC heap after
Heap after GC invocations=62 (full 21):
 PSYoungGen      total 48128K, used 96K [0x00000000f9c00000, 0x00000000fd980000, 0x0000000100000000)
  eden space 47616K, 0% used [0x00000000f9c00000,0x00000000f9c00000,0x00000000fca80000)
  from space 512K, 18% used [0x00000000fcb80000,0x00000000fcb98000,0x00000000fcc00000)
  to   space 7680K, 0% used [0x00000000fd200000,0x00000000fd200000,0x00000000fd980000)
 ParOldGen       total 170496K, used 69728K [0x00000000ed400000, 0x00000000f7a80000, 0x00000000f9c00000)
  object space 170496K, 40% used [0x00000000ed400000,0x00000000f1818390,0x00000000f7a80000)
 PSPermGen       total 33280K, used 32380K [0x00000000e8200000, 0x00000000ea280000, 0x00000000ed400000)
  object space 33280K, 97% used [0x00000000e8200000,0x00000000ea19f0b0,0x00000000ea280000)
}
Event: 161399,332 GC heap before
{Heap before GC invocations=63 (full 21):
 PSYoungGen      total 48128K, used 47712K [0x00000000f9c00000, 0x00000000fd980000, 0x0000000100000000)
  eden space 47616K, 100% used [0x00000000f9c00000,0x00000000fca80000,0x00000000fca80000)
  from space 512K, 18% used [0x00000000fcb80000,0x00000000fcb98000,0x00000000fcc00000)
  to   space 7680K, 0% used [0x00000000fd200000,0x00000000fd200000,0x00000000fd980000)
 ParOldGen       total 170496K, used 69728K [0x00000000ed400000, 0x00000000f7a80000, 0x00000000f9c00000)
  object space 170496K, 40% used [0x00000000ed400000,0x00000000f1818390,0x00000000f7a80000)
 PSPermGen       total 33280K, used 32431K [0x00000000e8200000, 0x00000000ea280000, 0x00000000ed400000)
  object space 33280K, 97% used [0x00000000e8200000,0x00000000ea1abf78,0x00000000ea280000)
Event: 161399,335 GC heap after
Heap after GC invocations=63 (full 21):
 PSYoungGen      total 54272K, used 3382K [0x00000000f9c00000, 0x00000000fd900000, 0x0000000100000000)
  eden space 47104K, 0% used [0x00000000f9c00000,0x00000000f9c00000,0x00000000fca00000)
  from space 7168K, 47% used [0x00000000fd200000,0x00000000fd54dbc8,0x00000000fd900000)
  to   space 7680K, 0% used [0x00000000fca00000,0x00000000fca00000,0x00000000fd180000)
 ParOldGen       total 170496K, used 69728K [0x00000000ed400000, 0x00000000f7a80000, 0x00000000f9c00000)
  object space 170496K, 40% used [0x00000000ed400000,0x00000000f1818390,0x00000000f7a80000)
 PSPermGen       total 33280K, used 32431K [0x00000000e8200000, 0x00000000ea280000, 0x00000000ed400000)
  object space 33280K, 97% used [0x00000000e8200000,0x00000000ea1abf78,0x00000000ea280000)
}
Event: 161399,679 GC heap before
{Heap before GC invocations=64 (full 21):
 PSYoungGen      total 54272K, used 50486K [0x00000000f9c00000, 0x00000000fd900000, 0x0000000100000000)
  eden space 47104K, 100% used [0x00000000f9c00000,0x00000000fca00000,0x00000000fca00000)
  from space 7168K, 47% used [0x00000000fd200000,0x00000000fd54dbc8,0x00000000fd900000)
  to   space 7680K, 0% used [0x00000000fca00000,0x00000000fca00000,0x00000000fd180000)
 ParOldGen       total 170496K, used 69728K [0x00000000ed400000, 0x00000000f7a80000, 0x00000000f9c00000)
  object space 170496K, 40% used [0x00000000ed400000,0x00000000f1818390,0x00000000f7a80000)
 PSPermGen       total 33280K, used 32472K [0x00000000e8200000, 0x00000000ea280000, 0x00000000ed400000)
  object space 33280K, 97% used [0x00000000e8200000,0x00000000ea1b6080,0x00000000ea280000)
Event: 161399,682 GC heap after
Heap after GC invocations=64 (full 21):
 PSYoungGen      total 49152K, used 2176K [0x00000000f9c00000, 0x00000000fd880000, 0x0000000100000000)
  eden space 46592K, 0% used [0x00000000f9c00000,0x00000000f9c00000,0x00000000fc980000)
  from space 2560K, 85% used [0x00000000fca00000,0x00000000fcc20000,0x00000000fcc80000)
  to   space 7680K, 0% used [0x00000000fd100000,0x00000000fd100000,0x00000000fd880000)
 ParOldGen       total 170496K, used 70040K [0x00000000ed400000, 0x00000000f7a80000, 0x00000000f9c00000)
  object space 170496K, 41% used [0x00000000ed400000,0x00000000f1866390,0x00000000f7a80000)
 PSPermGen       total 33280K, used 32472K [0x00000000e8200000, 0x00000000ea280000, 0x00000000ed400000)
  object space 33280K, 97% used [0x00000000e8200000,0x00000000ea1b6080,0x00000000ea280000)
}
Event: 161537,591 GC heap before
{Heap before GC invocations=65 (full 21):
 PSYoungGen      total 49152K, used 48768K [0x00000000f9c00000, 0x00000000fd880000, 0x0000000100000000)
  eden space 46592K, 100% used [0x00000000f9c00000,0x00000000fc980000,0x00000000fc980000)
  from space 2560K, 85% used [0x00000000fca00000,0x00000000fcc20000,0x00000000fcc80000)
  to   space 7680K, 0% used [0x00000000fd100000,0x00000000fd100000,0x00000000fd880000)
 ParOldGen       total 170496K, used 70040K [0x00000000ed400000, 0x00000000f7a80000, 0x00000000f9c00000)
  object space 170496K, 41% used [0x00000000ed400000,0x00000000f1866390,0x00000000f7a80000)
 PSPermGen       total 33280K, used 32510K [0x00000000e8200000, 0x00000000ea280000, 0x00000000ed400000)
  object space 33280K, 97% used [0x00000000e8200000,0x00000000ea1bf848,0x00000000ea280000)
Event: 161537,601 GC heap after
Heap after GC invocations=65 (full 21):
 PSYoungGen      total 53248K, used 3264K [0x00000000f9c00000, 0x00000000fd800000, 0x0000000100000000)
  eden space 46080K, 0% used [0x00000000f9c00000,0x00000000f9c00000,0x00000000fc900000)
  from space 7168K, 45% used [0x00000000fd100000,0x00000000fd430000,0x00000000fd800000)
  to   space 7680K, 0% used [0x00000000fc900000,0x00000000fc900000,0x00000000fd080000)
 ParOldGen       total 170496K, used 72144K [0x00000000ed400000, 0x00000000f7a80000, 0x00000000f9c00000)
  object space 170496K, 42% used [0x00000000ed400000,0x00000000f1a743a0,0x00000000f7a80000)
 PSPermGen       total 33280K, used 32510K [0x00000000e8200000, 0x00000000ea280000, 0x00000000ed400000)
  object space 33280K, 97% used [0x00000000e8200000,0x00000000ea1bf848,0x00000000ea280000)
}

